<?xml version="1.0" encoding="UTF-8"?>
<!-- Generated by org.testng.reporters.JUnitReportReporter -->
<testsuite hostname="DESKTOP-2AOU9HH" failures="0" tests="1" name="Test.ToolRentalAPI" time="8.933" errors="0" timestamp="2023-01-19T18:07:39 IST" skipped="0">
  <testcase classname="Test.ToolRentalAPI" name="updateOrder" time="8.933"/>
  <system-out/>
</testsuite> <!-- Test.ToolRentalAPI -->
