<?xml version="1.0" encoding="UTF-8"?>
<!-- Generated by org.testng.reporters.JUnitReportReporter -->
<testsuite hostname="DESKTOP-2AOU9HH" failures="0" tests="7" name="Test.ToolRentalAPI" time="9.737" errors="0" timestamp="2023-04-25T14:06:18 IST" skipped="3">
  <testcase classname="Test.ToolRentalAPI" name="getStatus" time="1.489"/>
  <system-out/>
  <testcase classname="Test.ToolRentalAPI" name="getResult" time="4.273"/>
  <system-out/>
  <testcase classname="Test.ToolRentalAPI" name="complexParse" time="2.381"/>
  <system-out/>
  <testcase classname="Test.ToolRentalAPI" name="getTools" time="1.594"/>
  <system-out/>
  <testcase classname="Test.ToolRentalAPI" name="getResultsWithPathVariable">
    <skipped/>
  </testcase> <!-- getResultsWithPathVariable -->
  <system-out/>
  <testcase classname="Test.ToolRentalAPI" name="updateOrder">
    <skipped/>
  </testcase> <!-- updateOrder -->
  <system-out/>
  <testcase classname="Test.ToolRentalAPI" name="registerNewUser">
    <skipped/>
  </testcase> <!-- registerNewUser -->
  <system-out/>
</testsuite> <!-- Test.ToolRentalAPI -->
